Start testing: Nov 27 13:13 UTC
----------------------------------------------------------
1/1 Testing: tests_print_ip
1/1 Test: tests_print_ip
Command: "/home/travis/build/azbyx/print_ip/tests_print_ip"
Directory: /home/travis/build/azbyx/print_ip
"tests_print_ip" start time: Nov 27 13:13 UTC
Output:
----------------------------------------------------------
[==========] Running 1 test from 1 test case.
[----------] Global test environment set-up.
[----------] 1 test from Empty_test
[ RUN      ] Empty_test.for_something
[       OK ] Empty_test.for_something (0 ms)
[----------] 1 test from Empty_test (0 ms total)

[----------] Global test environment tear-down
[==========] 1 test from 1 test case ran. (0 ms total)
[  PASSED  ] 1 test.
<end of output>
Test time =   0.00 sec
----------------------------------------------------------
Test Passed.
"tests_print_ip" end time: Nov 27 13:13 UTC
"tests_print_ip" time elapsed: 00:00:00
----------------------------------------------------------

End testing: Nov 27 13:13 UTC
